-------------------------------------------------------------------------------
Test set: com.shopping.ShoppingCartTest
-------------------------------------------------------------------------------
Tests run: 1, Failures: 1, Errors: 0, Skipped: 0, Time elapsed: 0.054 s <<< FAILURE! - in com.shopping.ShoppingCartTest
com.shopping.ShoppingCartTest.testPlaceOrderSuccess  Time elapsed: 0.047 s  <<< FAILURE!
org.opentest4j.AssertionFailedError: expected: <997> but was: <97>
	at com.shopping.ShoppingCartTest.testPlaceOrderSuccess(ShoppingCartTest.java:36)

