<?xml version="1.0" encoding="UTF-8"?>
<testsuite xmlns:xsi="http://www.w3.org/2001/XMLSchema-instance" xsi:noNamespaceSchemaLocation="https://maven.apache.org/surefire/maven-surefire-plugin/xsd/surefire-test-report-3.0.xsd" version="3.0" name="com.shopping.ShoppingCartTest" time="0.019" tests="1" errors="0" skipped="0" failures="0">
  <properties>
[...]
</properties>
  <testcase name="testPlaceOrderSuccess" classname="com.shopping.ShoppingCartTest" time="0.017">
    <system-out><![CDATA[Enter customer ID: Enter product ID (or 'done' to finish): Enter quantity: Enter product ID (or 'done' to finish): Order placed successfully!
Total amount: 15.0
]]></system-out>
  </testcase>
</testsuite>